2020-05-27 21:09:00.030415+0530 AwesomeProject[296:8778] count.ly.cer
2020-05-27 21:09:04.580644+0530 AwesomeProject[296:8771] Metal GPU Frame Capture Enabled
2020-05-27 21:09:04.582503+0530 AwesomeProject[296:8771] Metal API Validation Enabled
=================================================================
Main Thread Checker: UI API called on a background thread: -[UIApplication applicationState]
PID: 296, TID: 8771, Thread name: (none), Queue name: NSOperationQueue 0x15bd74870 (QOS: UNSPECIFIED), QoS: 0
Backtrace:
4   AwesomeProject                      0x00000001001bdafc +[CountlyDeviceInfo isInBackground] + 56
5   AwesomeProject                      0x00000001001bb70c CountlyExceptionHandler + 1964
6   CoreFoundation                      0x000000019a32ed50 7519E999-1053-3367-B9D5-8844F6D3BDC6 + 1228112
7   libobjc.A.dylib                     0x000000019a05624c A697479D-4C5C-391E-B117-85B894AB94C6 + 25164
8   libc++abi.dylib                     0x000000019a0fb304 295D93E6-AC06-384A-A469-2DF327F697FC + 58116
9   libc++abi.dylib                     0x000000019a0fb29c _ZSt9terminatev + 44
10  libdispatch.dylib                   0x000000010097abec _dispatch_client_callout + 36
11  libdispatch.dylib                   0x000000010097d7dc _dispatch_continuation_pop + 524
12  libdispatch.dylib                   0x000000010097cc5c _dispatch_async_redirect_invoke + 624
13  libdispatch.dylib                   0x000000010098c160 _dispatch_root_queue_drain + 376
14  libdispatch.dylib                   0x000000010098ca88 _dispatch_worker_thread2 + 156
15  libsystem_pthread.dylib             0x000000019a04ab48 _pthread_wqthread + 212
16  libsystem_pthread.dylib             0x000000019a04d760 start_wqthread + 8
2020-05-27 21:09:04.974056+0530 AwesomeProject[296:8771] [reports] Main Thread Checker: UI API called on a background thread: -[UIApplication applicationState]
PID: 296, TID: 8771, Thread name: (none), Queue name: NSOperationQueue 0x15bd74870 (QOS: UNSPECIFIED), QoS: 0
Backtrace:
4   AwesomeProject                      0x00000001001bdafc +[CountlyDeviceInfo isInBackground] + 56
5   AwesomeProject                      0x00000001001bb70c CountlyExceptionHandler + 1964
6   CoreFoundation                      0x000000019a32ed50 7519E999-1053-3367-B9D5-8844F6D3BDC6 + 1228112
7   libobjc.A.dylib                     0x000000019a05624c A697479D-4C5C-391E-B117-85B894AB94C6 + 25164
8   libc++abi.dylib                     0x000000019a0fb304 295D93E6-AC06-384A-A469-2DF327F697FC + 58116
9   libc++abi.dylib                     0x000000019a0fb29c _ZSt9terminatev + 44
10  libdispatch.dylib                   0x000000010097abec _dispatch_client_callout + 36
11  libdispatch.dylib                   0x000000010097d7dc _dispatch_continuation_pop + 524
12  libdispatch.dylib                   0x000000010097cc5c _dispatch_async_redirect_invoke + 624
13  libdispatch.dylib                   0x000000010098c160 _dispatch_root_queue_drain + 376
14  libdispatch.dylib                   0x000000010098ca88 _dispatch_worker_thread2 + 156
15  libsystem_pthread.dylib             0x000000019a04ab48 _pthread_wqthread + 212
16  libsystem_pthread.dylib             0x000000019a04d760 start_wqthread + 8
2020-05-27 21:10:04.493346+0530 AwesomeProject[296:8968] [] tcp_output [C1.1:3] flags=[R.] seq=1129525363, ack=3162941968, win=1024 state=CLOSED rcv_nxt=3162941968, snd_una=1129525363
2020-05-27 21:10:04.496206+0530 AwesomeProject[296:8968] Connection 1: received failure notification
2020-05-27 21:10:04.496551+0530 AwesomeProject[296:8968] Connection 1: failed to connect 3:-9816, reason -1
2020-05-27 21:10:04.496637+0530 AwesomeProject[296:8968] Connection 1: encountered error(3:-9816)
